#
# A fatal error has been detected by the Java Runtime Environment:
#
#  EXCEPTION_ACCESS_VIOLATION (0xc0000005) at pc=0x00007ff93d4d5aeb, pid=2784, tid=5732
#
# JRE version: Java(TM) SE Runtime Environment (8.0_05-b13) (build 1.8.0_05-b13)
# Java VM: Java HotSpot(TM) 64-Bit Server VM (25.5-b02 mixed mode windows-amd64 compressed oops)
# Problematic frame:
# C  [ntdll.dll+0x35aeb]
#
# Failed to write core dump. Minidumps are not enabled by default on client versions of Windows
#
# If you would like to submit a bug report, please visit:
#   http://bugreport.sun.com/bugreport/crash.jsp
# The crash happened outside the Java Virtual Machine in native code.
# See problematic frame for where to report the bug.
#

---------------  T H R E A D  ---------------

Current thread (0x000000001c0a0000):  JavaThread "AWT-Windows" daemon [_thread_in_native, id=5732, stack(0x000000001fdd0000,0x000000001fed0000)]

siginfo: ExceptionCode=0xc0000005, writing address 0x0000000000000024

Registers:
RAX=0x0000000000000000, RBX=0x0000000017263bc8, RCX=0x0000000017263bc8, RDX=0xffffffffffffffff
RSP=0x000000001fecd670, RBP=0x00007ff6d7fe6000, RSI=0x0000000000000000, RDI=0x0000000000000000
R8 =0x0000000000000000, R9 =0x00000000000371c0, R10=0x0000000000000000, R11=0x000000001fecd180
R12=0x0000000000000000, R13=0x000000001fecda08, R14=0x0000000000000001, R15=0x0000000000000000
RIP=0x00007ff93d4d5aeb, EFLAGS=0x0000000000010213

Top of Stack: (sp=0x000000001fecd670)
0x000000001fecd670:   ffffffffffffffff 0000000017263bc8
0x000000001fecd680:   0000000000000016 0000000056c6e14f
0x000000001fecd690:   000000001fecd760 00007ff92c2d1def
0x000000001fecd6a0:   00005040394e5800 00000000fffffffa
0x000000001fecd6b0:   00007ff6d7fe6000 000000001c0a0000
0x000000001fecd6c0:   0000000000000000 00000000000404b6
0x000000001fecd6d0:   0000000000000001 000000001caf4050
0x000000001fecd6e0:   000000001fecd8f0 000000001caf4090
0x000000001fecd6f0:   000074346462f7a8 0000000056c69eda
0x000000001fecd700:   0000000000000003 0000000000000001
0x000000001fecd710:   000000001fecda08 0000000000000000
0x000000001fecd720:   0000000000000000 0000000000000000
0x000000001fecd730:   0000000000000001 00007ff93d4d4fe9
0x000000001fecd740:   0000030000000556 000000160000003c
0x000000001fecd750:   0000000017263bc8 0000000000000000
0x000000001fecd760:   000000001c0a0000 00000000ffffffff 

Instructions: (pc=0x00007ff93d4d5aeb)
0x00007ff93d4d5acb:   48 39 7b 18 0f 84 c0 00 00 00 48 83 3b ff 0f 84
0x00007ff93d4d5adb:   c3 00 00 00 48 8b 03 44 8b e7 48 83 f8 ff 74 03
0x00007ff93d4d5aeb:   ff 40 24 4c 8b 6b 18 4c 8d 35 b7 c5 10 00 33 ed
0x00007ff93d4d5afb:   b8 82 03 fe 7f 8a 08 84 c9 0f 85 ae 15 07 00 49 


Register to memory mapping:

RAX=0x0000000000000000 is an unknown value
RBX=0x0000000017263bc8 is an unknown value
RCX=0x0000000017263bc8 is an unknown value
RDX=0xffffffffffffffff is an unknown value
RSP=0x000000001fecd670 is pointing into the stack for thread: 0x000000001c0a0000
RBP=0x00007ff6d7fe6000 is an unknown value
RSI=0x0000000000000000 is an unknown value
RDI=0x0000000000000000 is an unknown value
R8 =0x0000000000000000 is an unknown value
R9 =0x00000000000371c0 is an unknown value
R10=0x0000000000000000 is an unknown value
R11=0x000000001fecd180 is pointing into the stack for thread: 0x000000001c0a0000
R12=0x0000000000000000 is an unknown value
R13=0x000000001fecda08 is pointing into the stack for thread: 0x000000001c0a0000
R14=0x0000000000000001 is an unknown value
R15=0x0000000000000000 is an unknown value


Stack: [0x000000001fdd0000,0x000000001fed0000],  sp=0x000000001fecd670,  free space=1013k
Native frames: (J=compiled Java code, j=interpreted, Vv=VM code, C=native code)
C  [ntdll.dll+0x35aeb]
C  [ntdll.dll+0x34fe9]
C  [ntdll.dll+0x34f00]
C  [d3d9.dll+0x10179]
C  [d3d9.dll+0x3311c]
C  [awt.dll+0x1d5da]
C  [awt.dll+0x19987]
C  [awt.dll+0x19a67]
C  [awt.dll+0x19ba8]
C  [awt.dll+0x15856]
C  [awt.dll+0x1a938]
C  [awt.dll+0x1e4d5]
C  [awt.dll+0x1b5e9]
C  0x00000000025c51ae

Java frames: (J=compiled Java code, j=interpreted, Vv=VM code)
j  sun.java2d.d3d.D3DGraphicsDevice.getDeviceCapsNative(I)I+0
j  sun.java2d.d3d.D3DGraphicsDevice.access$000(I)I+1
j  sun.java2d.d3d.D3DGraphicsDevice$1.run()V+8
v  ~StubRoutines::call_stub
j  sun.awt.windows.WToolkit.eventLoop()V+0
j  sun.awt.windows.WToolkit.run()V+58
j  java.lang.Thread.run()V+11
v  ~StubRoutines::call_stub

---------------  P R O C E S S  ---------------

Java Threads: ( => current thread )
=>0x000000001c0a0000 JavaThread "AWT-Windows" daemon [_thread_in_native, id=5732, stack(0x000000001fdd0000,0x000000001fed0000)]
  0x000000001cdcf800 JavaThread "AWT-Shutdown" [_thread_blocked, id=8464, stack(0x000000001fcd0000,0x000000001fdd0000)]
  0x000000001cdce800 JavaThread "Java2D Disposer" daemon [_thread_blocked, id=8720, stack(0x000000001fbd0000,0x000000001fcd0000)]
  0x000000001bbbc800 JavaThread "Prism Font Disposer" daemon [_thread_blocked, id=8932, stack(0x000000001eae0000,0x000000001ebe0000)]
  0x000000001679d800 JavaThread "Keep-Alive-Timer" daemon [_thread_blocked, id=8624, stack(0x000000001b990000,0x000000001ba90000)]
  0x00000000165ba800 JavaThread "Thread-3" daemon [_thread_in_native, id=6940, stack(0x000000001b790000,0x000000001b890000)]
  0x00000000165a4800 JavaThread "JavaFX-Launcher" [_thread_blocked, id=6708, stack(0x000000001b890000,0x000000001b990000)]
  0x000000001659b000 JavaThread "JavaFX Application Thread" [_thread_in_native, id=716, stack(0x0000000017070000,0x0000000017170000)]
  0x000000001659a800 JavaThread "Thread-1" daemon [_thread_blocked, id=4188, stack(0x0000000016f70000,0x0000000017070000)]
  0x0000000016551800 JavaThread "QuantumRenderer-0" daemon [_thread_blocked, id=6116, stack(0x00000000169e0000,0x0000000016ae0000)]
  0x000000001640d000 JavaThread "Service Thread" daemon [_thread_blocked, id=9820, stack(0x00000000167e0000,0x00000000168e0000)]
  0x0000000014b88000 JavaThread "C1 CompilerThread2" daemon [_thread_blocked, id=7848, stack(0x00000000162e0000,0x00000000163e0000)]
  0x0000000014b80000 JavaThread "C2 CompilerThread1" daemon [_thread_blocked, id=4852, stack(0x00000000161e0000,0x00000000162e0000)]
  0x0000000014b7e000 JavaThread "C2 CompilerThread0" daemon [_thread_blocked, id=6040, stack(0x00000000160e0000,0x00000000161e0000)]
  0x0000000014b7b000 JavaThread "Attach Listener" daemon [_thread_blocked, id=2040, stack(0x0000000015fe0000,0x00000000160e0000)]
  0x0000000014b7a000 JavaThread "Signal Dispatcher" daemon [_thread_blocked, id=9696, stack(0x0000000015ee0000,0x0000000015fe0000)]
  0x00000000025a5000 JavaThread "Finalizer" daemon [_thread_blocked, id=9356, stack(0x0000000015de0000,0x0000000015ee0000)]
  0x0000000014b48000 JavaThread "Reference Handler" daemon [_thread_blocked, id=2776, stack(0x0000000015ce0000,0x0000000015de0000)]
  0x0000000000ace000 JavaThread "main" [_thread_blocked, id=7072, stack(0x00000000023b0000,0x00000000024b0000)]

Other Threads:
  0x0000000014b46800 VMThread [stack: 0x0000000015be0000,0x0000000015ce0000] [id=7584]
  0x0000000016410000 WatcherThread [stack: 0x00000000168e0000,0x00000000169e0000] [id=5360]

VM state:not at safepoint (normal execution)

VM Mutex/Monitor currently owned by a thread: None

Heap:
 PSYoungGen      total 12288K, used 8027K [0x00000000eb400000, 0x00000000ec380000, 0x0000000100000000)
  eden space 10240K, 58% used [0x00000000eb400000,0x00000000eb9da320,0x00000000ebe00000)
  from space 2048K, 99% used [0x00000000ec080000,0x00000000ec27ca80,0x00000000ec280000)
  to   space 2560K, 0% used [0x00000000ebe00000,0x00000000ebe00000,0x00000000ec080000)
 ParOldGen       total 64000K, used 2703K [0x00000000c1c00000, 0x00000000c5a80000, 0x00000000eb400000)
  object space 64000K, 4% used [0x00000000c1c00000,0x00000000c1ea3f40,0x00000000c5a80000)
 Metaspace       used 17121K, capacity 17332K, committed 17536K, reserved 1064960K
  class space    used 2531K, capacity 2633K, committed 2688K, reserved 1048576K

Card table byte_map: [0x0000000011970000,0x0000000011b70000] byte_map_base: 0x0000000011362000

Marking Bits: (ParMarkBitMap*) 0x00000000576c13b0
 Begin Bits: [0x00000000120c0000, 0x0000000013050000)
 End Bits:   [0x0000000013050000, 0x0000000013fe0000)

Polling page: 0x0000000000a30000

CodeCache: size=245760Kb used=5568Kb max_used=5577Kb free=240191Kb
 bounds [0x00000000025b0000, 0x0000000002b30000, 0x00000000115b0000]
 total_blobs=2531 nmethods=1855 adapters=588
 compilation: enabled

Compilation events (10 events):
Event: 7.495 Thread 0x0000000014b88000 nmethod 1852 0x0000000002b20e50 code [0x0000000002b20fa0, 0x0000000002b21110]
Event: 7.495 Thread 0x0000000014b88000 1853       3       sun.awt.FontConfiguration::getComponentFontName (15 bytes)
Event: 7.495 Thread 0x0000000014b88000 nmethod 1853 0x0000000002b211d0 code [0x0000000002b21340, 0x0000000002b21528]
Event: 7.496 Thread 0x0000000014b80000 nmethod 1848 0x0000000002b24390 code [0x0000000002b244e0, 0x0000000002b24668]
Event: 7.525 Thread 0x0000000014b88000 1854       3       java.util.TreeMap::parentOf (13 bytes)
Event: 7.525 Thread 0x0000000014b7e000 1855       4       java.lang.Character::toUpperCase (6 bytes)
Event: 7.526 Thread 0x0000000014b88000 nmethod 1854 0x0000000002b24010 code [0x0000000002b24160, 0x0000000002b242f0]
Event: 7.526 Thread 0x0000000014b7e000 nmethod 1855 0x0000000002b22810 code [0x0000000002b22940, 0x0000000002b229f8]
Event: 7.584 Thread 0x0000000014b88000 1856       3       java.nio.Buffer::limit (62 bytes)
Event: 7.584 Thread 0x0000000014b88000 nmethod 1856 0x0000000002b21f10 code [0x0000000002b22080, 0x0000000002b22368]

GC Heap History (10 events):
Event: 0.327 GC heap before
{Heap before GC invocations=6 (full 0):
 PSYoungGen      total 2560K, used 2528K [0x00000000eb400000, 0x00000000eba00000, 0x0000000100000000)
  eden space 2048K, 100% used [0x00000000eb400000,0x00000000eb600000,0x00000000eb600000)
  from space 512K, 93% used [0x00000000eb600000,0x00000000eb678010,0x00000000eb680000)
  to   space 1024K, 0% used [0x00000000eb900000,0x00000000eb900000,0x00000000eba00000)
 ParOldGen       total 64000K, used 851K [0x00000000c1c00000, 0x00000000c5a80000, 0x00000000eb400000)
  object space 64000K, 1% used [0x00000000c1c00000,0x00000000c1cd4ea0,0x00000000c5a80000)
 Metaspace       used 5925K, capacity 7038K, committed 7168K, reserved 1056768K
  class space    used 715K, capacity 746K, committed 768K, reserved 1048576K
Event: 0.328 GC heap after
Heap after GC invocations=6 (full 0):
 PSYoungGen      total 4608K, used 912K [0x00000000eb400000, 0x00000000ebb00000, 0x0000000100000000)
  eden space 3584K, 0% used [0x00000000eb400000,0x00000000eb400000,0x00000000eb780000)
  from space 1024K, 89% used [0x00000000eb900000,0x00000000eb9e4020,0x00000000eba00000)
  to   space 1536K, 0% used [0x00000000eb780000,0x00000000eb780000,0x00000000eb900000)
 ParOldGen       total 64000K, used 851K [0x00000000c1c00000, 0x00000000c5a80000, 0x00000000eb400000)
  object space 64000K, 1% used [0x00000000c1c00000,0x00000000c1cd4ea0,0x00000000c5a80000)
 Metaspace       used 5925K, capacity 7038K, committed 7168K, reserved 1056768K
  class space    used 715K, capacity 746K, committed 768K, reserved 1048576K
}
Event: 0.459 GC heap before
{Heap before GC invocations=7 (full 0):
 PSYoungGen      total 4608K, used 4481K [0x00000000eb400000, 0x00000000ebb00000, 0x0000000100000000)
  eden space 3584K, 99% used [0x00000000eb400000,0x00000000eb77c790,0x00000000eb780000)
  from space 1024K, 89% used [0x00000000eb900000,0x00000000eb9e4020,0x00000000eba00000)
  to   space 1536K, 0% used [0x00000000eb780000,0x00000000eb780000,0x00000000eb900000)
 ParOldGen       total 64000K, used 851K [0x00000000c1c00000, 0x00000000c5a80000, 0x00000000eb400000)
  object space 64000K, 1% used [0x00000000c1c00000,0x00000000c1cd4ea0,0x00000000c5a80000)
 Metaspace       used 7611K, capacity 8170K, committed 8320K, reserved 1056768K
  class space    used 1022K, capacity 1042K, committed 1152K, reserved 1048576K
Event: 0.461 GC heap after
Heap after GC invocations=7 (full 0):
 PSYoungGen      total 5120K, used 1283K [0x00000000eb400000, 0x00000000ebe00000, 0x0000000100000000)
  eden space 3584K, 0% used [0x00000000eb400000,0x00000000eb400000,0x00000000eb780000)
  from space 1536K, 83% used [0x00000000eb780000,0x00000000eb8c0dc0,0x00000000eb900000)
  to   space 1536K, 0% used [0x00000000ebc80000,0x00000000ebc80000,0x00000000ebe00000)
 ParOldGen       total 64000K, used 1115K [0x00000000c1c00000, 0x00000000c5a80000, 0x00000000eb400000)
  object space 64000K, 1% used [0x00000000c1c00000,0x00000000c1d16ef0,0x00000000c5a80000)
 Metaspace       used 7611K, capacity 8170K, committed 8320K, reserved 1056768K
  class space    used 1022K, capacity 1042K, committed 1152K, reserved 1048576K
}
Event: 0.559 GC heap before
{Heap before GC invocations=8 (full 0):
 PSYoungGen      total 5120K, used 4867K [0x00000000eb400000, 0x00000000ebe00000, 0x0000000100000000)
  eden space 3584K, 100% used [0x00000000eb400000,0x00000000eb780000,0x00000000eb780000)
  from space 1536K, 83% used [0x00000000eb780000,0x00000000eb8c0dc0,0x00000000eb900000)
  to   space 1536K, 0% used [0x00000000ebc80000,0x00000000ebc80000,0x00000000ebe00000)
 ParOldGen       total 64000K, used 1115K [0x00000000c1c00000, 0x00000000c5a80000, 0x00000000eb400000)
  object space 64000K, 1% used [0x00000000c1c00000,0x00000000c1d16ef0,0x00000000c5a80000)
 Metaspace       used 9599K, capacity 9810K, committed 9856K, reserved 1058816K
  class space    used 1344K, capacity 1407K, committed 1408K, reserved 1048576K
Event: 0.562 GC heap after
Heap after GC invocations=8 (full 0):
 PSYoungGen      total 8192K, used 1504K [0x00000000eb400000, 0x00000000ebf00000, 0x0000000100000000)
  eden space 6656K, 0% used [0x00000000eb400000,0x00000000eb400000,0x00000000eba80000)
  from space 1536K, 97% used [0x00000000ebc80000,0x00000000ebdf8010,0x00000000ebe00000)
  to   space 2048K, 0% used [0x00000000eba80000,0x00000000eba80000,0x00000000ebc80000)
 ParOldGen       total 64000K, used 1243K [0x00000000c1c00000, 0x00000000c5a80000, 0x00000000eb400000)
  object space 64000K, 1% used [0x00000000c1c00000,0x00000000c1d36ef0,0x00000000c5a80000)
 Metaspace       used 9599K, capacity 9810K, committed 9856K, reserved 1058816K
  class space    used 1344K, capacity 1407K, committed 1408K, reserved 1048576K
}
Event: 0.764 GC heap before
{Heap before GC invocations=9 (full 0):
 PSYoungGen      total 8192K, used 8160K [0x00000000eb400000, 0x00000000ebf00000, 0x0000000100000000)
  eden space 6656K, 100% used [0x00000000eb400000,0x00000000eba80000,0x00000000eba80000)
  from space 1536K, 97% used [0x00000000ebc80000,0x00000000ebdf8010,0x00000000ebe00000)
  to   space 2048K, 0% used [0x00000000eba80000,0x00000000eba80000,0x00000000ebc80000)
 ParOldGen       total 64000K, used 1243K [0x00000000c1c00000, 0x00000000c5a80000, 0x00000000eb400000)
  object space 64000K, 1% used [0x00000000c1c00000,0x00000000c1d36ef0,0x00000000c5a80000)
 Metaspace       used 12463K, capacity 12690K, committed 12800K, reserved 1060864K
  class space    used 1911K, capacity 1983K, committed 2048K, reserved 1048576K
Event: 0.767 GC heap after
Heap after GC invocations=9 (full 0):
 PSYoungGen      total 8704K, used 1584K [0x00000000eb400000, 0x00000000ec280000, 0x0000000100000000)
  eden space 6656K, 0% used [0x00000000eb400000,0x00000000eb400000,0x00000000eba80000)
  from space 2048K, 77% used [0x00000000eba80000,0x00000000ebc0c010,0x00000000ebc80000)
  to   space 2048K, 0% used [0x00000000ec080000,0x00000000ec080000,0x00000000ec280000)
 ParOldGen       total 64000K, used 1635K [0x00000000c1c00000, 0x00000000c5a80000, 0x00000000eb400000)
  object space 64000K, 2% used [0x00000000c1c00000,0x00000000c1d98f00,0x00000000c5a80000)
 Metaspace       used 12463K, capacity 12690K, committed 12800K, reserved 1060864K
  class space    used 1911K, capacity 1983K, committed 2048K, reserved 1048576K
}
Event: 1.042 GC heap before
{Heap before GC invocations=10 (full 0):
 PSYoungGen      total 8704K, used 8240K [0x00000000eb400000, 0x00000000ec280000, 0x0000000100000000)
  eden space 6656K, 100% used [0x00000000eb400000,0x00000000eba80000,0x00000000eba80000)
  from space 2048K, 77% used [0x00000000eba80000,0x00000000ebc0c010,0x00000000ebc80000)
  to   space 2048K, 0% used [0x00000000ec080000,0x00000000ec080000,0x00000000ec280000)
 ParOldGen       total 64000K, used 1635K [0x00000000c1c00000, 0x00000000c5a80000, 0x00000000eb400000)
  object space 64000K, 2% used [0x00000000c1c00000,0x00000000c1d98f00,0x00000000c5a80000)
 Metaspace       used 14184K, capacity 14398K, committed 14592K, reserved 1060864K
  class space    used 2180K, capacity 2274K, committed 2304K, reserved 1048576K
Event: 1.046 GC heap after
Heap after GC invocations=10 (full 0):
 PSYoungGen      total 12288K, used 2034K [0x00000000eb400000, 0x00000000ec380000, 0x0000000100000000)
  eden space 10240K, 0% used [0x00000000eb400000,0x00000000eb400000,0x00000000ebe00000)
  from space 2048K, 99% used [0x00000000ec080000,0x00000000ec27ca80,0x00000000ec280000)
  to   space 2560K, 0% used [0x00000000ebe00000,0x00000000ebe00000,0x00000000ec080000)
 ParOldGen       total 64000K, used 2703K [0x00000000c1c00000, 0x00000000c5a80000, 0x00000000eb400000)
  object space 64000K, 4% used [0x00000000c1c00000,0x00000000c1ea3f40,0x00000000c5a80000)
 Metaspace       used 14184K, capacity 14398K, committed 14592K, reserved 1060864K
  class space    used 2180K, capacity 2274K, committed 2304K, reserved 1048576K
}

Deoptimization events (10 events):
Event: 0.693 Thread 0x000000001659b000 Uncommon trap: reason=class_check action=maybe_recompile pc=0x00000000026d71f0 method=java.lang.String.equals(Ljava/lang/Object;)Z @ 8
Event: 0.693 Thread 0x000000001659b000 Uncommon trap: reason=class_check action=maybe_recompile pc=0x00000000026d71f0 method=java.lang.String.equals(Ljava/lang/Object;)Z @ 8
Event: 0.693 Thread 0x000000001659b000 Uncommon trap: reason=class_check action=maybe_recompile pc=0x00000000026d71f0 method=java.lang.String.equals(Ljava/lang/Object;)Z @ 8
Event: 0.693 Thread 0x000000001659b000 Uncommon trap: reason=class_check action=maybe_recompile pc=0x00000000026d71f0 method=java.lang.String.equals(Ljava/lang/Object;)Z @ 8
Event: 1.031 Thread 0x000000001659b000 Uncommon trap: reason=class_check action=maybe_recompile pc=0x00000000029b3e14 method=javafx.scene.Node.isVisible()Z @ 15
Event: 1.032 Thread 0x000000001659b000 Uncommon trap: reason=class_check action=maybe_recompile pc=0x00000000029b3e14 method=javafx.scene.Node.isVisible()Z @ 15
Event: 1.032 Thread 0x000000001659b000 Uncommon trap: reason=class_check action=maybe_recompile pc=0x00000000029b3e14 method=javafx.scene.Node.isVisible()Z @ 15
Event: 1.032 Thread 0x000000001659b000 Uncommon trap: reason=class_check action=maybe_recompile pc=0x00000000029b3e14 method=javafx.scene.Node.isVisible()Z @ 15
Event: 2.413 Thread 0x000000001659b000 Uncommon trap: reason=null_check action=make_not_entrant pc=0x0000000002a2b46c method=com.sun.javafx.css.StyleManager.getCacheContainer(Ljavafx/css/Styleable;)Lcom/sun/javafx/css/StyleManager$CacheContainer; @ 52
Event: 7.230 Thread 0x000000001659b000 Uncommon trap: reason=unreached action=reinterpret pc=0x0000000002a7ac14 method=java.lang.ThreadLocal$ThreadLocalMap.getEntry(Ljava/lang/ThreadLocal;)Ljava/lang/ThreadLocal$ThreadLocalMap$Entry; @ 21

Internal exceptions (10 events):
Event: 7.138 Thread 0x000000001659b000 Exception <a 'java/security/PrivilegedActionException'> (0x00000000eb95d250) thrown at [D:\re\workspace\8-2-build-windows-amd64-cygwin\jdk8u5\2488\hotspot\src\share\vm\prims\jvm.cpp, line 1248]
Event: 7.138 Thread 0x000000001659b000 Exception <a 'java/security/PrivilegedActionException'> (0x00000000eb95e840) thrown at [D:\re\workspace\8-2-build-windows-amd64-cygwin\jdk8u5\2488\hotspot\src\share\vm\prims\jvm.cpp, line 1248]
Event: 7.157 Thread 0x000000001659b000 Exception <a 'java/io/FileNotFoundException'> (0x00000000eb961238) thrown at [D:\re\workspace\8-2-build-windows-amd64-cygwin\jdk8u5\2488\hotspot\src\share\vm\prims\jni.cpp, line 716]
Event: 7.230 Thread 0x000000001659b000 Implicit null exception at 0x0000000002a7ab74 to 0x0000000002a7abf5
Event: 7.256 Thread 0x000000001659b000 Exception <a 'java/security/PrivilegedActionException'> (0x00000000eb972e00) thrown at [D:\re\workspace\8-2-build-windows-amd64-cygwin\jdk8u5\2488\hotspot\src\share\vm\prims\jvm.cpp, line 1248]
Event: 7.256 Thread 0x000000001659b000 Exception <a 'java/security/PrivilegedActionException'> (0x00000000eb9764b0) thrown at [D:\re\workspace\8-2-build-windows-amd64-cygwin\jdk8u5\2488\hotspot\src\share\vm\prims\jvm.cpp, line 1248]
Event: 7.256 Thread 0x000000001659b000 Exception <a 'java/security/PrivilegedActionException'> (0x00000000eb978848) thrown at [D:\re\workspace\8-2-build-windows-amd64-cygwin\jdk8u5\2488\hotspot\src\share\vm\prims\jvm.cpp, line 1248]
Event: 7.362 Thread 0x000000001659b000 Exception <a 'java/io/FileNotFoundException'> (0x00000000eb98c548) thrown at [D:\re\workspace\8-2-build-windows-amd64-cygwin\jdk8u5\2488\hotspot\src\share\vm\prims\jni.cpp, line 716]
Event: 7.391 Thread 0x000000001659b000 Exception <a 'java/security/PrivilegedActionException'> (0x00000000eb98e930) thrown at [D:\re\workspace\8-2-build-windows-amd64-cygwin\jdk8u5\2488\hotspot\src\share\vm\prims\jvm.cpp, line 1248]
Event: 7.400 Thread 0x000000001659b000 Exception <a 'java/security/PrivilegedActionException'> (0x00000000eb993318) thrown at [D:\re\workspace\8-2-build-windows-amd64-cygwin\jdk8u5\2488\hotspot\src\share\vm\prims\jvm.cpp, line 1248]

Events (10 events):
Event: 7.584 loading class sun/java2d/pipe/RenderQueue done
Event: 7.584 loading class sun/java2d/d3d/D3DRenderQueue done
Event: 7.584 loading class sun/java2d/pipe/RenderBuffer
Event: 7.584 loading class sun/java2d/pipe/RenderBuffer done
Event: 7.584 loading class sun/java2d/d3d/D3DRenderQueue$1
Event: 7.584 loading class sun/java2d/d3d/D3DRenderQueue$1 done
Event: 7.613 loading class sun/java2d/d3d/D3DGraphicsDevice$1Result
Event: 7.613 loading class sun/java2d/d3d/D3DGraphicsDevice$1Result done
Event: 7.613 loading class sun/java2d/d3d/D3DGraphicsDevice$1
Event: 7.613 loading class sun/java2d/d3d/D3DGraphicsDevice$1 done


Dynamic libraries:
0x00007ff6d8cf0000 - 0x00007ff6d8d24000 	C:\Program Files\Java\jdk1.8.0_05\jre\bin\java.exe
0x00007ff93d4a0000 - 0x00007ff93d661000 	C:\WINDOWS\SYSTEM32\ntdll.dll
0x00007ff93ccb0000 - 0x00007ff93cd5d000 	C:\WINDOWS\system32\KERNEL32.DLL
0x00007ff93a990000 - 0x00007ff93ab6d000 	C:\WINDOWS\system32\KERNELBASE.dll
0x00007ff93cc00000 - 0x00007ff93cca6000 	C:\WINDOWS\system32\ADVAPI32.dll
0x00007ff93caa0000 - 0x00007ff93cb3d000 	C:\WINDOWS\system32\msvcrt.dll
0x00007ff93c530000 - 0x00007ff93c58b000 	C:\WINDOWS\system32\sechost.dll
0x00007ff93c970000 - 0x00007ff93ca96000 	C:\WINDOWS\system32\RPCRT4.dll
0x00007ff93c590000 - 0x00007ff93c6de000 	C:\WINDOWS\system32\USER32.dll
0x00007ff93c1e0000 - 0x00007ff93c366000 	C:\WINDOWS\system32\GDI32.dll
0x00007ff92fd30000 - 0x00007ff92ffa4000 	C:\WINDOWS\WinSxS\amd64_microsoft.windows.common-controls_6595b64144ccf1df_6.0.10240.16384_none_f41f7b285750ef43\COMCTL32.dll
0x00007ff93cbc0000 - 0x00007ff93cbf6000 	C:\WINDOWS\system32\IMM32.DLL
0x00007ff93c810000 - 0x00007ff93c96c000 	C:\WINDOWS\system32\MSCTF.dll
0x0000000056e30000 - 0x0000000056f02000 	C:\Program Files\Java\jdk1.8.0_05\jre\bin\msvcr100.dll
0x0000000056f10000 - 0x000000005773a000 	C:\Program Files\Java\jdk1.8.0_05\jre\bin\server\jvm.dll
0x00007ff93cb50000 - 0x00007ff93cb58000 	C:\WINDOWS\system32\PSAPI.DLL
0x00007ff938020000 - 0x00007ff938043000 	C:\WINDOWS\SYSTEM32\WINMM.dll
0x00007ff92b960000 - 0x00007ff92b969000 	C:\WINDOWS\SYSTEM32\WSOCK32.dll
0x00007ff93c6e0000 - 0x00007ff93c749000 	C:\WINDOWS\system32\WS2_32.dll
0x00007ff937ff0000 - 0x00007ff93801c000 	C:\WINDOWS\SYSTEM32\WINMMBASE.dll
0x00007ff93cb40000 - 0x00007ff93cb48000 	C:\WINDOWS\system32\NSI.dll
0x00007ff93a940000 - 0x00007ff93a984000 	C:\WINDOWS\system32\cfgmgr32.dll
0x00007ff938840000 - 0x00007ff938867000 	C:\WINDOWS\SYSTEM32\DEVOBJ.dll
0x0000000057b60000 - 0x0000000057b6f000 	C:\Program Files\Java\jdk1.8.0_05\jre\bin\verify.dll
0x0000000057b30000 - 0x0000000057b58000 	C:\Program Files\Java\jdk1.8.0_05\jre\bin\java.dll
0x0000000057b10000 - 0x0000000057b26000 	C:\Program Files\Java\jdk1.8.0_05\jre\bin\zip.dll
0x00007ff93ac30000 - 0x00007ff93c152000 	C:\WINDOWS\system32\SHELL32.dll
0x00007ff939f70000 - 0x00007ff93a598000 	C:\WINDOWS\system32\windows.storage.dll
0x00007ff93ce40000 - 0x00007ff93d0bc000 	C:\WINDOWS\system32\combase.dll
0x00007ff93d0c0000 - 0x00007ff93d111000 	C:\WINDOWS\system32\shlwapi.dll
0x00007ff939f40000 - 0x00007ff939f4f000 	C:\WINDOWS\system32\kernel.appcore.dll
0x00007ff93a7d0000 - 0x00007ff93a883000 	C:\WINDOWS\system32\shcore.dll
0x00007ff939ef0000 - 0x00007ff939f3a000 	C:\WINDOWS\system32\powrprof.dll
0x00007ff939ed0000 - 0x00007ff939ee3000 	C:\WINDOWS\system32\profapi.dll
0x0000000056a00000 - 0x0000000056a2b000 	C:\Program Files\Java\jdk1.8.0_05\jre\bin\prism_d3d.dll
0x00007ff92c2a0000 - 0x00007ff92c4b0000 	C:\WINDOWS\system32\d3d9.dll
0x00007ff9372b0000 - 0x00007ff9372d2000 	C:\WINDOWS\SYSTEM32\dwmapi.dll
0x00007ff9387a0000 - 0x00007ff938836000 	C:\WINDOWS\system32\uxtheme.dll
0x00007ff903090000 - 0x00007ff905373000 	C:\WINDOWS\SYSTEM32\igdumdim64.dll
0x00007ff93d2d0000 - 0x00007ff93d495000 	C:\WINDOWS\system32\SETUPAPI.dll
0x00007ff93ab70000 - 0x00007ff93ac2e000 	C:\WINDOWS\system32\OLEAUT32.dll
0x00007ff93c3e0000 - 0x00007ff93c521000 	C:\WINDOWS\system32\ole32.dll
0x00000000569c0000 - 0x00000000569ff000 	C:\Program Files\Java\jdk1.8.0_05\jre\bin\glass.dll
0x00007ff93cd60000 - 0x00007ff93ce37000 	C:\WINDOWS\system32\COMDLG32.dll
0x00007ff9308a0000 - 0x00007ff9308cb000 	C:\Program Files (x86)\ATI Technologies\HydraVision\HydraDMH64.dll
0x00007ff9187e0000 - 0x00007ff9188b4000 	C:\WINDOWS\SYSTEM32\MSVCR110.dll
0x00007ff9301f0000 - 0x00007ff930218000 	C:\Program Files (x86)\Raptr\ltc_help64-103398.dll
0x00007ff93a770000 - 0x00007ff93a7c4000 	C:\WINDOWS\system32\WINTRUST.dll
0x00007ff939f50000 - 0x00007ff939f61000 	C:\WINDOWS\system32\MSASN1.dll
0x00007ff93a5a0000 - 0x00007ff93a761000 	C:\WINDOWS\system32\CRYPT32.dll
0x00007ff939cf0000 - 0x00007ff939d5b000 	C:\WINDOWS\SYSTEM32\bcryptPrimitives.dll
0x00007ff935150000 - 0x00007ff935b52000 	C:\WINDOWS\SYSTEM32\igdusc64.dll
0x0000000056e10000 - 0x0000000056e2a000 	C:\Program Files\Java\jdk1.8.0_05\jre\bin\net.dll
0x00007ff939680000 - 0x00007ff9396dd000 	C:\WINDOWS\system32\mswsock.dll
0x00000000569a0000 - 0x00000000569b3000 	C:\Program Files\Java\jdk1.8.0_05\jre\bin\javafx_font.dll
0x00007ff93c750000 - 0x00007ff93c7f5000 	C:\WINDOWS\system32\clbcatq.dll
0x00007ff934a80000 - 0x00007ff934c32000 	C:\WINDOWS\SYSTEM32\WindowsCodecs.dll
0x00007ff939e00000 - 0x00007ff939e28000 	C:\WINDOWS\SYSTEM32\bcrypt.dll
0x00007ff9396e0000 - 0x00007ff9396f7000 	C:\WINDOWS\SYSTEM32\cryptsp.dll
0x00007ff939340000 - 0x00007ff939373000 	C:\WINDOWS\system32\rsaenh.dll
0x00007ff939ba0000 - 0x00007ff939bab000 	C:\WINDOWS\SYSTEM32\CRYPTBASE.dll
0x00007ff92af10000 - 0x00007ff92af56000 	C:\WINDOWS\system32\dataexchange.dll
0x00007ff9308d0000 - 0x00007ff930e15000 	C:\WINDOWS\system32\d2d1.dll
0x00007ff937000000 - 0x00007ff9372a3000 	C:\WINDOWS\system32\d3d11.dll
0x00007ff938250000 - 0x00007ff938321000 	C:\WINDOWS\system32\dcomp.dll
0x00007ff936f40000 - 0x00007ff936fdc000 	C:\WINDOWS\system32\dxgi.dll
0x00007ff938890000 - 0x00007ff93897e000 	C:\WINDOWS\system32\twinapi.appcore.dll
0x00007ff939430000 - 0x00007ff93944f000 	C:\WINDOWS\system32\USERENV.dll
0x00007ff9381c0000 - 0x00007ff9381f4000 	C:\Program Files\Common Files\Microsoft Shared\Ink\rtscom.dll
0x00007ff92c4b0000 - 0x00007ff92c709000 	C:\WINDOWS\SYSTEM32\dwrite.dll
0x0000000056980000 - 0x0000000056991000 	C:\Program Files\Java\jdk1.8.0_05\jre\bin\prism_common.dll
0x0000000056c50000 - 0x0000000056de6000 	C:\Program Files\Java\jdk1.8.0_05\jre\bin\awt.dll
0x00007ff938620000 - 0x00007ff938698000 	C:\WINDOWS\system32\apphelp.dll
0x0000000056c00000 - 0x0000000056c47000 	C:\Program Files\Java\jdk1.8.0_05\jre\bin\fontmanager.dll
0x00007ff93c1c0000 - 0x00007ff93c1dc000 	C:\WINDOWS\system32\imagehlp.dll
0x00007ff938df0000 - 0x00007ff938e13000 	C:\WINDOWS\SYSTEM32\gpapi.dll
0x00007ff927fe0000 - 0x00007ff92800f000 	C:\Windows\System32\cryptnet.dll
0x00007ff93cb60000 - 0x00007ff93cbbb000 	C:\WINDOWS\system32\WLDAP32.dll
0x00007ff937980000 - 0x00007ff9379b8000 	C:\WINDOWS\SYSTEM32\IPHLPAPI.DLL
0x00007ff937960000 - 0x00007ff93796b000 	C:\WINDOWS\SYSTEM32\WINNSI.DLL
0x00007ff90fe40000 - 0x00007ff910086000 	C:\PROGRA~2\Raptr\ltc_game64-103398.dll
0x00007ff91a0c0000 - 0x00007ff91a24a000 	C:\WINDOWS\SYSTEM32\dbghelp.dll

VM Arguments:
jvm_args: -Dfile.encoding=UTF-8 
java_command: E:\JAVA EE\neoChem_Client\dist\run1598881203\neoChem_Client.jar
java_class_path (initial): E:\JAVA EE\neoChem_Client\dist\run1598881203\neoChem_Client.jar
Launcher Type: SUN_STANDARD

Environment Variables:
JAVA_HOME=C:\Program Files\Java\jdk1.8.0_05
JRE_HOME=C:\Program Files\Java\jre8
PATH=C:\Program Files (x86)\NVIDIA Corporation\PhysX\Common;c:\Program Files (x86)\Intel\iCLS Client\;c:\Program Files\Intel\iCLS Client\;C:\Program Files\Dell\DW WLAN Card;C:\Windows\system32;C:\Windows;C:\Windows\System32\Wbem;C:\Windows\System32\WindowsPowerShell\v1.0\;c:\Program Files\WIDCOMM\Bluetooth Software\;c:\Program Files\WIDCOMM\Bluetooth Software\syswow64;C:\Program Files\Intel\Intel(R) Management Engine Components\DAL;C:\Program Files\Intel\Intel(R) Management Engine Components\IPT;C:\Program Files (x86)\Intel\Intel(R) Management Engine Components\DAL;C:\Program Files (x86)\Intel\Intel(R) Management Engine Components\IPT;c:\Program Files (x86)\ATI Technologies\ATI.ACE\Core-Static;C:\Program Files (x86)\Windows Live\Shared;C:\Program Files\Java\jdk1.8.0_05\bin;C:\Program Files (x86)\Windows Kits\8.1\Windows Performance Toolkit\;C:\Program Files\Microsoft SQL Server\110\Tools\Binn\;C:\Program Files\nodejs\;C:\Program Files (x86)\AMD\ATI.ACE\Core-Static;C:\Program Files (x86)\VisualSVN\bin;C:\Program Files\TortoiseSVN\bin;C:\WINDOWS\system32;C:\WINDOWS;C:\WINDOWS\System32\Wbem;C:\WINDOWS\System32\WindowsPowerShell\v1.0\;C:\Program Files (x86)\MiKTeX 2.9\miktex\bin\;C:\Program Files\Microsoft SQL Server\110\DTS\Binn\;C:\Program Files (x86)\Microsoft SQL Server\110\Tools\Binn\;C:\Program Files (x86)\Microsoft SQL Server\110\Tools\Binn\ManagementStudio\;C:\Program Files (x86)\Microsoft Visual Studio 10.0\Common7\IDE\PrivateAssemblies\;C:\Program Files (x86)\Microsoft SQL Server\110\DTS\Binn\;C:\Program Files (x86)\Skype\Phone\;C:\Program Files (x86)\Heroku\bin;C:\Program Files (x86)\git\cmd;C:\RailsInstaller\Git\cmd;C:\RailsInstaller\Ruby1.9.3\bin;C:\Users\JanithaT\AppData\Roaming\npm;C:\Python27;C:\gtk\bin;C:\Python27\Scripts;C:\Program Files\Java\jdk1.8.0_05\bin;E:\Softwares\Maven\apache-maven-3.3.3\bin;
USERNAME=JanithaT
OS=Windows_NT
PROCESSOR_IDENTIFIER=Intel64 Family 6 Model 69 Stepping 1, GenuineIntel



---------------  S Y S T E M  ---------------

OS: Windows 8.1 , 64 bit Build 9600 

CPU:total 4 (2 cores per cpu, 2 threads per core) family 6 model 69 stepping 1, cmov, cx8, fxsr, mmx, sse, sse2, sse3, ssse3, sse4.1, sse4.2, popcnt, avx, avx2, aes, clmul, erms, ht, tsc, tscinvbit

Memory: 4k page, physical 4072408k(856624k free), swap 7746488k(2466952k free)

vm_info: Java HotSpot(TM) 64-Bit Server VM (25.5-b02) for windows-amd64 JRE (1.8.0_05-b13), built on Mar 18 2014 01:08:39 by "java_re" with MS VC++ 10.0 (VS2010)

time: Sat Nov 21 23:29:26 2015
elapsed time: 7 seconds

